<?xml version="1.0" encoding="UTF-8"?>
<testsuite xmlns:xsi="http://www.w3.org/2001/XMLSchema-instance"
           xsi:noNamespaceSchemaLocation="https://maven.apache.org/surefire-reports/xsd/surefire-test-report.xsd"
           name="com.example.AppTest" time="0.042" tests="5" errors="1" skipped="1" failures="1">
  <properties>
    <property name="java.runtime.version" value="21"/>
  </properties>
  <testcase name="shouldCreateApp" classname="com.example.AppTest" time="0.002"/>
  <testcase name="shouldParseInput" classname="com.example.AppTest" time="0.004">
    <failure message="expected:&lt;[ok]&gt; but was:&lt;[bad]&gt;" type="java.lang.AssertionError"><![CDATA[junit.framework.AssertionFailedError: expected:<[ok]> but was:<[bad]> at com.example.AppTest.shouldParseInput]]></failure>
  </testcase>
  <testcase name="shouldTimeout" classname="com.example.AppTest" time="0.001">
    <skipped message="flaky, ignored"/>
  </testcase>
  <testcase name="shouldConnect" classname="com.example.AppTest" time="0.010">
    <error message="Connection refused" type="java.net.ConnectException"><![CDATA[java.net.ConnectException: Connection refused at com.example.AppTest.shouldConnect]]></error>
  </testcase>
  <testcase name="shouldCleanup" classname="com.example.AppTest" time="0.002"/>
</testsuite>